<?xml version="1.0" encoding="UTF-8"?>
<!-- Generated by org.testng.reporters.JUnitReportReporter -->
<testsuite hostname="VAIO" name="Priyajit_Operation.Execution_Controller" tests="2" failures="0" timestamp="12 Jan 2018 19:38:46 GMT" time="30.998" errors="0">
  <testcase name="Execution_Start" time="30.989" classname="Priyajit_Operation.Execution_Controller"/>
  <testcase name="Test" time="0.009" classname="Priyajit_Operation.Execution_Controller"/>
</testsuite> <!-- Priyajit_Operation.Execution_Controller -->
