<?xml version="1.0" encoding="UTF-8"?>
<!-- Generated by org.testng.reporters.JUnitReportReporter -->
<testsuite hostname="VAIO" name="Priyajit_Operation.Testng_Execution" tests="1" failures="0" timestamp="26 Nov 2017 11:26:58 GMT" time="0.233" errors="0">
  <testcase name="Main" time="0.233" classname="Priyajit_Operation.Testng_Execution"/>
</testsuite> <!-- Priyajit_Operation.Testng_Execution -->
